  clsArchivoStatistics.cpp
  clsAreaAttack.cpp
  clsAttack.cpp
  clsBulletAttack.cpp
  clsDirubin.cpp
  clsGameOver.cpp
  clsInterface.cpp
D:\Repos\UTN-SURVIVORS\UTN-Survivors\UTN-Survivors\clsInterface.cpp(20,120): warning C4305: 'argumento': truncamiento de 'double' a 'T'
D:\Repos\UTN-SURVIVORS\UTN-Survivors\UTN-Survivors\clsInterface.cpp(20,120): warning C4305:         with
D:\Repos\UTN-SURVIVORS\UTN-Survivors\UTN-Survivors\clsInterface.cpp(20,120): warning C4305:         [
D:\Repos\UTN-SURVIVORS\UTN-Survivors\UTN-Survivors\clsInterface.cpp(20,120): warning C4305:             T=float
D:\Repos\UTN-SURVIVORS\UTN-Survivors\UTN-Survivors\clsInterface.cpp(20,120): warning C4305:         ]
D:\Repos\UTN-SURVIVORS\UTN-Survivors\UTN-Survivors\clsInterface.cpp(20,116): warning C4305: 'argumento': truncamiento de 'double' a 'T'
D:\Repos\UTN-SURVIVORS\UTN-Survivors\UTN-Survivors\clsInterface.cpp(20,116): warning C4305:         with
D:\Repos\UTN-SURVIVORS\UTN-Survivors\UTN-Survivors\clsInterface.cpp(20,116): warning C4305:         [
D:\Repos\UTN-SURVIVORS\UTN-Survivors\UTN-Survivors\clsInterface.cpp(20,116): warning C4305:             T=float
D:\Repos\UTN-SURVIVORS\UTN-Survivors\UTN-Survivors\clsInterface.cpp(20,116): warning C4305:         ]
D:\Repos\UTN-SURVIVORS\UTN-Survivors\UTN-Survivors\clsInterface.cpp(22,109): warning C4305: 'argumento': truncamiento de 'double' a 'T'
D:\Repos\UTN-SURVIVORS\UTN-Survivors\UTN-Survivors\clsInterface.cpp(22,109): warning C4305:         with
D:\Repos\UTN-SURVIVORS\UTN-Survivors\UTN-Survivors\clsInterface.cpp(22,109): warning C4305:         [
D:\Repos\UTN-SURVIVORS\UTN-Survivors\UTN-Survivors\clsInterface.cpp(22,109): warning C4305:             T=float
D:\Repos\UTN-SURVIVORS\UTN-Survivors\UTN-Survivors\clsInterface.cpp(22,109): warning C4305:         ]
D:\Repos\UTN-SURVIVORS\UTN-Survivors\UTN-Survivors\clsInterface.cpp(22,105): warning C4305: 'argumento': truncamiento de 'double' a 'T'
D:\Repos\UTN-SURVIVORS\UTN-Survivors\UTN-Survivors\clsInterface.cpp(22,105): warning C4305:         with
D:\Repos\UTN-SURVIVORS\UTN-Survivors\UTN-Survivors\clsInterface.cpp(22,105): warning C4305:         [
D:\Repos\UTN-SURVIVORS\UTN-Survivors\UTN-Survivors\clsInterface.cpp(22,105): warning C4305:             T=float
D:\Repos\UTN-SURVIVORS\UTN-Survivors\UTN-Survivors\clsInterface.cpp(22,105): warning C4305:         ]
D:\Repos\UTN-SURVIVORS\UTN-Survivors\UTN-Survivors\clsInterface.cpp(51,89): warning C4244: 'argumento': conversión de 'double' a 'float'; posible pérdida de datos
D:\Repos\UTN-SURVIVORS\UTN-Survivors\UTN-Survivors\clsInterface.cpp(54,57): warning C4244: 'argumento': conversión de 'double' a 'float'; posible pérdida de datos
D:\Repos\UTN-SURVIVORS\UTN-Survivors\UTN-Survivors\clsInterface.cpp(57,65): warning C4244: 'argumento': conversión de 'double' a 'float'; posible pérdida de datos
D:\Repos\UTN-SURVIVORS\UTN-Survivors\UTN-Survivors\clsInterface.cpp(75,40): warning C4244: 'argumento': conversión de 'double' a 'float'; posible pérdida de datos
  clsAnimation.cpp
D:\Repos\UTN-SURVIVORS\UTN-Survivors\UTN-Survivors\clsAnimation.cpp(11,38): warning C4244: '=': conversión de 'float' a 'T'; posible pérdida de datos
D:\Repos\UTN-SURVIVORS\UTN-Survivors\UTN-Survivors\clsAnimation.cpp(11,38): warning C4244:         with
D:\Repos\UTN-SURVIVORS\UTN-Survivors\UTN-Survivors\clsAnimation.cpp(11,38): warning C4244:         [
D:\Repos\UTN-SURVIVORS\UTN-Survivors\UTN-Survivors\clsAnimation.cpp(11,38): warning C4244:             T=int
D:\Repos\UTN-SURVIVORS\UTN-Survivors\UTN-Survivors\clsAnimation.cpp(11,38): warning C4244:         ]
D:\Repos\UTN-SURVIVORS\UTN-Survivors\UTN-Survivors\clsAnimation.cpp(12,39): warning C4244: '=': conversión de 'float' a 'T'; posible pérdida de datos
D:\Repos\UTN-SURVIVORS\UTN-Survivors\UTN-Survivors\clsAnimation.cpp(12,39): warning C4244:         with
D:\Repos\UTN-SURVIVORS\UTN-Survivors\UTN-Survivors\clsAnimation.cpp(12,39): warning C4244:         [
D:\Repos\UTN-SURVIVORS\UTN-Survivors\UTN-Survivors\clsAnimation.cpp(12,39): warning C4244:             T=int
D:\Repos\UTN-SURVIVORS\UTN-Survivors\UTN-Survivors\clsAnimation.cpp(12,39): warning C4244:         ]
  clsButtonAnimation.cpp
D:\Repos\UTN-SURVIVORS\UTN-Survivors\UTN-Survivors\clsButtonAnimation.cpp(9,38): warning C4244: '=': conversión de 'float' a 'T'; posible pérdida de datos
D:\Repos\UTN-SURVIVORS\UTN-Survivors\UTN-Survivors\clsButtonAnimation.cpp(9,38): warning C4244:         with
D:\Repos\UTN-SURVIVORS\UTN-Survivors\UTN-Survivors\clsButtonAnimation.cpp(9,38): warning C4244:         [
D:\Repos\UTN-SURVIVORS\UTN-Survivors\UTN-Survivors\clsButtonAnimation.cpp(9,38): warning C4244:             T=int
D:\Repos\UTN-SURVIVORS\UTN-Survivors\UTN-Survivors\clsButtonAnimation.cpp(9,38): warning C4244:         ]
D:\Repos\UTN-SURVIVORS\UTN-Survivors\UTN-Survivors\clsButtonAnimation.cpp(10,39): warning C4244: '=': conversión de 'float' a 'T'; posible pérdida de datos
D:\Repos\UTN-SURVIVORS\UTN-Survivors\UTN-Survivors\clsButtonAnimation.cpp(10,39): warning C4244:         with
D:\Repos\UTN-SURVIVORS\UTN-Survivors\UTN-Survivors\clsButtonAnimation.cpp(10,39): warning C4244:         [
D:\Repos\UTN-SURVIVORS\UTN-Survivors\UTN-Survivors\clsButtonAnimation.cpp(10,39): warning C4244:             T=int
D:\Repos\UTN-SURVIVORS\UTN-Survivors\UTN-Survivors\clsButtonAnimation.cpp(10,39): warning C4244:         ]
  clsCamera.cpp
  clsCircleCollider.cpp
  clsElemSlime.cpp
  clsEnemy.cpp
  clsGamePause.cpp
  clsGameplayData.cpp
D:\Repos\UTN-SURVIVORS\UTN-Survivors\UTN-Survivors\clsGameplayData.cpp(800,49): warning C4244: 'argumento': conversión de 'double' a 'int'; posible pérdida de datos
D:\Repos\UTN-SURVIVORS\UTN-Survivors\UTN-Survivors\clsGameplayData.cpp(802,47): warning C4244: '+=': conversión de 'double' a 'int'; posible pérdida de datos
D:\Repos\UTN-SURVIVORS\UTN-Survivors\UTN-Survivors\clsGameplayData.cpp(807,49): warning C4244: 'argumento': conversión de 'double' a 'int'; posible pérdida de datos
D:\Repos\UTN-SURVIVORS\UTN-Survivors\UTN-Survivors\clsGameplayData.cpp(809,47): warning C4244: '+=': conversión de 'double' a 'int'; posible pérdida de datos
D:\Repos\UTN-SURVIVORS\UTN-Survivors\UTN-Survivors\clsGameplayData.cpp(814,49): warning C4244: 'argumento': conversión de 'double' a 'int'; posible pérdida de datos
D:\Repos\UTN-SURVIVORS\UTN-Survivors\UTN-Survivors\clsGameplayData.cpp(816,47): warning C4244: '+=': conversión de 'double' a 'int'; posible pérdida de datos
D:\Repos\UTN-SURVIVORS\UTN-Survivors\UTN-Survivors\clsGameplayData.cpp(821,49): warning C4244: 'argumento': conversión de 'double' a 'int'; posible pérdida de datos
D:\Repos\UTN-SURVIVORS\UTN-Survivors\UTN-Survivors\clsGameplayData.cpp(823,53): warning C4244: '+=': conversión de 'double' a 'int'; posible pérdida de datos
D:\Repos\UTN-SURVIVORS\UTN-Survivors\UTN-Survivors\clsGameplayData.cpp(829,49): warning C4244: 'argumento': conversión de 'double' a 'int'; posible pérdida de datos
D:\Repos\UTN-SURVIVORS\UTN-Survivors\UTN-Survivors\clsGameplayData.cpp(831,47): warning C4244: '+=': conversión de 'double' a 'int'; posible pérdida de datos
D:\Repos\UTN-SURVIVORS\UTN-Survivors\UTN-Survivors\clsGameplayData.cpp(904,19): warning C4244: 'inicializando': conversión de 'double' a 'float'; posible pérdida de datos
D:\Repos\UTN-SURVIVORS\UTN-Survivors\UTN-Survivors\clsGameplayData.cpp(935,19): warning C4244: 'inicializando': conversión de 'double' a 'float'; posible pérdida de datos
D:\Repos\UTN-SURVIVORS\UTN-Survivors\UTN-Survivors\clsGameplayData.cpp(966,17): warning C4244: 'inicializando': conversión de 'double' a 'int'; posible pérdida de datos
D:\Repos\UTN-SURVIVORS\UTN-Survivors\UTN-Survivors\clsGameplayData.cpp(992,19): warning C4244: 'inicializando': conversión de 'double' a 'float'; posible pérdida de datos
  clsLevelingSystem.cpp
  clsMenu.cpp
  clsReaper.cpp
  clsSlime.cpp
  clsPlayer.cpp
D:\Repos\UTN-SURVIVORS\UTN-Survivors\UTN-Survivors\clsPlayer.cpp(75,24): warning C4244: 'argumento': conversión de 'int' a 'float'; posible pérdida de datos
D:\Repos\UTN-SURVIVORS\UTN-Survivors\UTN-Survivors\clsPlayer.cpp(155,21): warning C4244: '=': conversión de 'int' a 'float'; posible pérdida de datos
  Generando código...
D:\Repos\UTN-SURVIVORS\UTN-Survivors\UTN-Survivors\clsLevelingSystem.cpp(96,1): warning C4715: 'LevelingSystem::getExpNeeded': no todas las rutas de acceso de control devuelven un valor
  Compilando...
  clsSpartan.cpp
  clsSquareCollider.cpp
  clsStatistics.cpp
  clsStatisticsMenu.cpp
  clsWinMenu.cpp
  gameFunctions.cpp
  MagicBall.cpp
D:\Repos\UTN-SURVIVORS\UTN-Survivors\UTN-Survivors\MagicBall.cpp(22,23): warning C4244: 'inicializando': conversión de 'double' a 'float'; posible pérdida de datos
  main.cpp
D:\Repos\UTN-SURVIVORS\UTN-Survivors\UTN-Survivors\main.cpp(30,15): warning C4244: 'argumento': conversión de 'time_t' a 'unsigned int'; posible pérdida de datos
D:\Repos\UTN-SURVIVORS\UTN-Survivors\UTN-Survivors\main.cpp(312,108): warning C4244: 'argumento': conversión de 'int' a 'float'; posible pérdida de datos
D:\Repos\UTN-SURVIVORS\UTN-Survivors\UTN-Survivors\main.cpp(312,83): warning C4244: 'argumento': conversión de 'int' a 'float'; posible pérdida de datos
  Generando código...
  UTN-Survivors.vcxproj -> D:\Repos\UTN-SURVIVORS\UTN-Survivors\x64\Debug\UTN-Survivors.exe
